#
# There is insufficient memory for the Java Runtime Environment to continue.
# Native memory allocation (malloc) failed to allocate 1585296 bytes for Chunk::new
# Possible reasons:
#   The system is out of physical RAM or swap space
#   The process is running with CompressedOops enabled, and the Java Heap may be blocking the growth of the native heap
# Possible solutions:
#   Reduce memory load on the system
#   Increase physical memory or swap space
#   Check if swap backing store is full
#   Decrease Java heap size (-Xmx/-Xms)
#   Decrease number of Java threads
#   Decrease Java thread stack sizes (-Xss)
#   Set larger code cache with -XX:ReservedCodeCacheSize=
#   JVM is running with Unscaled Compressed Oops mode in which the Java heap is
#     placed in the first 4GB address space. The Java Heap base address is the
#     maximum limit for the native heap growth. Please use -XX:HeapBaseMinAddress
#     to set the Java Heap base and to place the Java Heap above 4GB virtual address.
# This output file may be truncated or incomplete.
#
#  Out of Memory Error (allocation.cpp:389), pid=13548, tid=0x0000000000002238
#
# JRE version: OpenJDK Runtime Environment (8.0_242-b01) (build 1.8.0_242-release-1644-b01)
# Java VM: OpenJDK 64-Bit Server VM (25.242-b01 mixed mode windows-amd64 compressed oops)
# Failed to write core dump. Minidumps are not enabled by default on client versions of Windows
#

---------------  T H R E A D  ---------------

Current thread (0x0000000019897000):  JavaThread "C2 CompilerThread2" daemon [_thread_in_native, id=8760, stack(0x000000001a360000,0x000000001a460000)]

Stack: [0x000000001a360000,0x000000001a460000]
[error occurred during error reporting (printing stack bounds), id 0xc0000005]

Native frames: (J=compiled Java code, j=interpreted, Vv=VM code, C=native code)


Current CompileTask:
C2:5784082 30749       4       com.android.tools.r8.ir.regalloc.a::a (270 bytes)


---------------  P R O C E S S  ---------------

Java Threads: ( => current thread )
  0x0000000020a8e800 JavaThread "ForkJoinPool-21-worker-0" daemon [_thread_blocked, id=528, stack(0x0000000034d20000,0x0000000034e20000)]
  0x0000000020a90800 JavaThread "ForkJoinPool-21-worker-7" daemon [_thread_in_Java, id=12236, stack(0x0000000034c20000,0x0000000034d20000)]
  0x0000000020a8d000 JavaThread "ForkJoinPool-21-worker-6" daemon [_thread_blocked, id=10020, stack(0x0000000034b20000,0x0000000034c20000)]
  0x0000000020a8f000 JavaThread "ForkJoinPool-21-worker-5" daemon [_thread_blocked, id=552, stack(0x0000000034a20000,0x0000000034b20000)]
  0x0000000020796800 JavaThread "ForkJoinPool-21-worker-4" daemon [_thread_blocked, id=10520, stack(0x0000000034920000,0x0000000034a20000)]
  0x0000000020794800 JavaThread "ForkJoinPool-21-worker-3" daemon [_thread_blocked, id=6216, stack(0x0000000034820000,0x0000000034920000)]
  0x0000000020793800 JavaThread "ForkJoinPool-21-worker-2" daemon [_thread_blocked, id=12780, stack(0x0000000034720000,0x0000000034820000)]
  0x0000000020793000 JavaThread "ForkJoinPool-21-worker-1" daemon [_thread_blocked, id=11700, stack(0x0000000034620000,0x0000000034720000)]
  0x000000002078d800 JavaThread "WorkerExecutor Queue Thread 4" [_thread_blocked, id=15880, stack(0x0000000034370000,0x0000000034470000)]
  0x000000002078b800 JavaThread "WorkerExecutor Queue Thread 3" [_thread_blocked, id=11900, stack(0x0000000034270000,0x0000000034370000)]
  0x000000002078a000 JavaThread "WorkerExecutor Queue Thread 2" [_thread_blocked, id=4792, stack(0x0000000034170000,0x0000000034270000)]
  0x0000000020790800 JavaThread "stdout" [_thread_in_native, id=13480, stack(0x0000000034070000,0x0000000034170000)]
  0x0000000020789000 JavaThread "stderr" [_thread_in_native, id=15632, stack(0x0000000033f70000,0x0000000034070000)]
  0x0000000020787800 JavaThread "pool-39-thread-1" [_thread_blocked, id=15940, stack(0x0000000033e70000,0x0000000033f70000)]
  0x000000001ee48800 JavaThread "WorkerExecutor Queue" [_thread_blocked, id=7072, stack(0x0000000033d70000,0x0000000033e70000)]
  0x000000001ee47800 JavaThread "Cache worker for execution history cache (D:\Lorenzo\LoRenZo\LoRenZo\.gradle\6.5\executionHistory)" [_thread_blocked, id=3020, stack(0x0000000033a70000,0x0000000033b70000)]
  0x000000001ee4d000 JavaThread "Execution worker for ':' Thread 7" [_thread_blocked, id=16172, stack(0x0000000033970000,0x0000000033a70000)]
  0x000000001ee4c000 JavaThread "Execution worker for ':' Thread 6" [_thread_blocked, id=1648, stack(0x0000000033870000,0x0000000033970000)]
  0x000000001ee4d800 JavaThread "Execution worker for ':' Thread 5" [_thread_blocked, id=1736, stack(0x0000000032740000,0x0000000032840000)]
  0x000000001ee4b800 JavaThread "Execution worker for ':' Thread 4" [_thread_blocked, id=13648, stack(0x0000000032640000,0x0000000032740000)]
  0x000000001ee40000 JavaThread "Execution worker for ':' Thread 3" [_thread_blocked, id=15244, stack(0x0000000032540000,0x0000000032640000)]
  0x000000001ee47000 JavaThread "Execution worker for ':' Thread 2" [_thread_blocked, id=4716, stack(0x0000000032440000,0x0000000032540000)]
  0x000000001ee3f000 JavaThread "Execution worker for ':'" [_thread_blocked, id=4268, stack(0x0000000032340000,0x0000000032440000)]
  0x000000001ee41800 JavaThread "Cache worker for file content cache (D:\Lorenzo\LoRenZo\LoRenZo\.gradle\6.5\fileContent)" [_thread_blocked, id=1884, stack(0x0000000032040000,0x0000000032140000)]
  0x000000001ee46000 JavaThread "Cache worker for Build Output Cleanup Cache (D:\Lorenzo\LoRenZo\LoRenZo\.gradle\buildOutputCleanup)" [_thread_blocked, id=15900, stack(0x000000002e8d0000,0x000000002e9d0000)]
  0x000000001ee44800 JavaThread "jar transforms Thread 828" [_thread_blocked, id=148, stack(0x000000002e3d0000,0x000000002e4d0000)]
  0x000000001ee42800 JavaThread "jar transforms Thread 827" [_thread_blocked, id=7724, stack(0x000000002d340000,0x000000002d440000)]
  0x000000001ee43000 JavaThread "jar transforms Thread 826" [_thread_blocked, id=9764, stack(0x000000002ce40000,0x000000002cf40000)]
  0x000000001ee40800 JavaThread "jar transforms Thread 825" [_thread_blocked, id=11284, stack(0x000000002b5c0000,0x000000002b6c0000)]
  0x000000001ee44000 JavaThread "jar transforms Thread 824" [_thread_blocked, id=4972, stack(0x000000002a770000,0x000000002a870000)]
  0x000000001ee45800 JavaThread "jar transforms Thread 823" [_thread_blocked, id=13700, stack(0x000000002a470000,0x000000002a570000)]
  0x0000000021696800 JavaThread "jar transforms Thread 822" [_thread_blocked, id=5152, stack(0x000000002a370000,0x000000002a470000)]
  0x0000000021695800 JavaThread "jar transforms Thread 821" [_thread_blocked, id=8764, stack(0x000000002a270000,0x000000002a370000)]
  0x0000000021695000 JavaThread "jar transforms Thread 820" [_thread_blocked, id=6380, stack(0x000000002a170000,0x000000002a270000)]
  0x0000000021694000 JavaThread "jar transforms Thread 819" [_thread_blocked, id=14672, stack(0x000000002a070000,0x000000002a170000)]
  0x0000000021693800 JavaThread "jar transforms Thread 818" [_thread_blocked, id=15296, stack(0x0000000029f70000,0x000000002a070000)]
  0x000000002168c000 JavaThread "jar transforms Thread 817" [_thread_blocked, id=15048, stack(0x0000000029e70000,0x0000000029f70000)]
  0x000000002168f800 JavaThread "jar transforms Thread 816" [_thread_blocked, id=10752, stack(0x0000000029d70000,0x0000000029e70000)]
  0x0000000021692800 JavaThread "jar transforms Thread 815" [_thread_blocked, id=3780, stack(0x0000000029c70000,0x0000000029d70000)]
  0x000000002168e000 JavaThread "jar transforms Thread 814" [_thread_blocked, id=2012, stack(0x0000000029b70000,0x0000000029c70000)]
  0x000000002168f000 JavaThread "jar transforms Thread 813" [_thread_blocked, id=3220, stack(0x0000000029a70000,0x0000000029b70000)]
  0x0000000021692000 JavaThread "jar transforms Thread 812" [_thread_blocked, id=1356, stack(0x0000000029970000,0x0000000029a70000)]
  0x0000000021690800 JavaThread "jar transforms Thread 811" [_thread_blocked, id=10196, stack(0x0000000029870000,0x0000000029970000)]
  0x0000000021691000 JavaThread "jar transforms Thread 810" [_thread_blocked, id=9712, stack(0x0000000029770000,0x0000000029870000)]
  0x0000000021687800 JavaThread "jar transforms Thread 809" [_thread_blocked, id=14128, stack(0x0000000029670000,0x0000000029770000)]
  0x0000000021689000 JavaThread "jar transforms Thread 808" [_thread_blocked, id=13540, stack(0x0000000029570000,0x0000000029670000)]
  0x000000002168b000 JavaThread "jar transforms Thread 807" [_thread_blocked, id=9192, stack(0x0000000029470000,0x0000000029570000)]
  0x000000002168a800 JavaThread "jar transforms Thread 806" [_thread_blocked, id=10220, stack(0x0000000029370000,0x0000000029470000)]
  0x0000000021689800 JavaThread "jar transforms Thread 805" [_thread_blocked, id=4428, stack(0x0000000029270000,0x0000000029370000)]
  0x000000001f61a800 JavaThread "jar transforms Thread 804" [_thread_blocked, id=2036, stack(0x0000000029170000,0x0000000029270000)]
  0x000000001f61c000 JavaThread "jar transforms Thread 803" [_thread_blocked, id=10924, stack(0x0000000029070000,0x0000000029170000)]
  0x000000001f619800 JavaThread "jar transforms Thread 802" [_thread_blocked, id=9896, stack(0x0000000028f70000,0x0000000029070000)]
  0x000000001f619000 JavaThread "jar transforms Thread 801" [_thread_blocked, id=608, stack(0x0000000028e70000,0x0000000028f70000)]
  0x000000001f61f000 JavaThread "jar transforms Thread 800" [_thread_blocked, id=12356, stack(0x0000000028d70000,0x0000000028e70000)]
  0x000000001f61c800 JavaThread "jar transforms Thread 799" [_thread_blocked, id=1612, stack(0x0000000028c70000,0x0000000028d70000)]
  0x000000001f61d800 JavaThread "jar transforms Thread 798" [_thread_blocked, id=11776, stack(0x0000000028b70000,0x0000000028c70000)]
  0x000000001f61e000 JavaThread "jar transforms Thread 797" [_thread_blocked, id=15820, stack(0x0000000028a70000,0x0000000028b70000)]
  0x000000001f61f800 JavaThread "jar transforms Thread 796" [_thread_blocked, id=8200, stack(0x0000000028970000,0x0000000028a70000)]
  0x000000001f611800 JavaThread "jar transforms Thread 795" [_thread_blocked, id=15512, stack(0x0000000028870000,0x0000000028970000)]
  0x000000001f618000 JavaThread "jar transforms Thread 794" [_thread_blocked, id=8512, stack(0x0000000028770000,0x0000000028870000)]
  0x000000001f610800 JavaThread "jar transforms Thread 793" [_thread_blocked, id=3732, stack(0x0000000028670000,0x0000000028770000)]
  0x000000001f617800 JavaThread "jar transforms Thread 792" [_thread_blocked, id=13688, stack(0x0000000028570000,0x0000000028670000)]
  0x000000001f616800 JavaThread "jar transforms Thread 791" [_thread_blocked, id=13880, stack(0x0000000028470000,0x0000000028570000)]
  0x000000001f615000 JavaThread "jar transforms Thread 790" [_thread_blocked, id=3748, stack(0x0000000028370000,0x0000000028470000)]
  0x000000001f612000 JavaThread "jar transforms Thread 789" [_thread_blocked, id=5104, stack(0x0000000028270000,0x0000000028370000)]
  0x000000001f616000 JavaThread "jar transforms Thread 788" [_thread_blocked, id=11452, stack(0x0000000028170000,0x0000000028270000)]
  0x000000001f613800 JavaThread "jar transforms Thread 787" [_thread_blocked, id=14208, stack(0x0000000028070000,0x0000000028170000)]
  0x000000002148f000 JavaThread "jar transforms Thread 786" [_thread_blocked, id=16128, stack(0x0000000027f70000,0x0000000028070000)]
  0x000000002148d800 JavaThread "jar transforms Thread 785" [_thread_blocked, id=9544, stack(0x0000000027e70000,0x0000000027f70000)]
  0x000000002148e800 JavaThread "jar transforms Thread 784" [_thread_blocked, id=7908, stack(0x0000000027d70000,0x0000000027e70000)]
  0x000000002148d000 JavaThread "jar transforms Thread 783" [_thread_blocked, id=13564, stack(0x0000000027c70000,0x0000000027d70000)]
  0x000000002148c000 JavaThread "jar transforms Thread 782" [_thread_blocked, id=15552, stack(0x0000000027b70000,0x0000000027c70000)]
  0x000000002148b800 JavaThread "jar transforms Thread 781" [_thread_blocked, id=6472, stack(0x0000000027a70000,0x0000000027b70000)]
  0x000000002148a800 JavaThread "jar transforms Thread 780" [_thread_blocked, id=11288, stack(0x0000000027970000,0x0000000027a70000)]
  0x0000000021483000 JavaThread "jar transforms Thread 779" [_thread_blocked, id=624, stack(0x0000000027870000,0x0000000027970000)]
  0x000000002148a000 JavaThread "jar transforms Thread 778" [_thread_blocked, id=16248, stack(0x0000000027770000,0x0000000027870000)]
  0x0000000021489000 JavaThread "jar transforms Thread 777" [_thread_blocked, id=10360, stack(0x0000000027670000,0x0000000027770000)]
  0x0000000021481800 JavaThread "jar transforms Thread 776" [_thread_blocked, id=9912, stack(0x0000000027570000,0x0000000027670000)]
  0x0000000021488800 JavaThread "jar transforms Thread 775" [_thread_blocked, id=12900, stack(0x0000000027470000,0x0000000027570000)]
  0x0000000021487800 JavaThread "jar transforms Thread 774" [_thread_blocked, id=12388, stack(0x0000000027370000,0x0000000027470000)]
  0x0000000021481000 JavaThread "jar transforms Thread 773" [_thread_blocked, id=13304, stack(0x0000000027270000,0x0000000027370000)]
  0x0000000021487000 JavaThread "jar transforms Thread 772" [_thread_blocked, id=2228, stack(0x0000000027170000,0x0000000027270000)]
  0x0000000021484000 JavaThread "jar transforms Thread 771" [_thread_blocked, id=10348, stack(0x0000000027070000,0x0000000027170000)]
  0x0000000021485800 JavaThread "jar transforms Thread 770" [_thread_blocked, id=6728, stack(0x0000000026f70000,0x0000000027070000)]
  0x0000000021482800 JavaThread "jar transforms Thread 769" [_thread_blocked, id=14020, stack(0x0000000026e70000,0x0000000026f70000)]
  0x0000000021484800 JavaThread "jar transforms Thread 768" [_thread_blocked, id=14660, stack(0x0000000026d70000,0x0000000026e70000)]
  0x0000000021486000 JavaThread "jar transforms Thread 767" [_thread_blocked, id=13448, stack(0x0000000026c70000,0x0000000026d70000)]
  0x0000000019c49000 JavaThread "jar transforms Thread 766" [_thread_blocked, id=6300, stack(0x0000000026b70000,0x0000000026c70000)]
  0x0000000019c4f000 JavaThread "jar transforms Thread 765" [_thread_blocked, id=15776, stack(0x0000000026a70000,0x0000000026b70000)]
  0x0000000019c4d000 JavaThread "jar transforms Thread 764" [_thread_blocked, id=5892, stack(0x0000000026970000,0x0000000026a70000)]
  0x0000000019c4e800 JavaThread "jar transforms Thread 763" [_thread_blocked, id=15564, stack(0x0000000026870000,0x0000000026970000)]
  0x0000000019c4a000 JavaThread "jar transforms Thread 762" [_thread_blocked, id=13156, stack(0x0000000026770000,0x0000000026870000)]
  0x0000000019c4a800 JavaThread "jar transforms Thread 761" [_thread_blocked, id=14304, stack(0x0000000026670000,0x0000000026770000)]
  0x0000000019c4c000 JavaThread "jar transforms Thread 760" [_thread_blocked, id=9496, stack(0x0000000026570000,0x0000000026670000)]
  0x0000000019c4d800 JavaThread "jar transforms Thread 759" [_thread_blocked, id=15340, stack(0x0000000026470000,0x0000000026570000)]
  0x0000000019c4b800 JavaThread "jar transforms Thread 758" [_thread_blocked, id=15516, stack(0x0000000026370000,0x0000000026470000)]
  0x0000000019c41800 JavaThread "jar transforms Thread 757" [_thread_blocked, id=5128, stack(0x0000000026270000,0x0000000026370000)]
  0x0000000019c48800 JavaThread "jar transforms Thread 756" [_thread_blocked, id=13616, stack(0x0000000026170000,0x0000000026270000)]
  0x0000000019c41000 JavaThread "jar transforms Thread 755" [_thread_blocked, id=11256, stack(0x0000000026070000,0x0000000026170000)]
  0x0000000019c47800 JavaThread "jar transforms Thread 754" [_thread_blocked, id=6772, stack(0x0000000025f70000,0x0000000026070000)]
  0x0000000019c45800 JavaThread "jar transforms Thread 753" [_thread_blocked, id=6612, stack(0x0000000025e70000,0x0000000025f70000)]
  0x0000000019c44800 JavaThread "jar transforms Thread 752" [_thread_blocked, id=14484, stack(0x0000000025d70000,0x0000000025e70000)]
  0x0000000019c47000 JavaThread "jar transforms Thread 751" [_thread_blocked, id=12636, stack(0x0000000025a70000,0x0000000025b70000)]
  0x0000000019c44000 JavaThread "jar transforms Thread 750" [_thread_blocked, id=8772, stack(0x0000000025970000,0x0000000025a70000)]
  0x0000000019c42800 JavaThread "jar transforms Thread 749" [_thread_blocked, id=8140, stack(0x0000000025870000,0x0000000025970000)]
  0x0000000019c43000 JavaThread "jar transforms Thread 748" [_thread_blocked, id=14928, stack(0x0000000025770000,0x0000000025870000)]
  0x0000000019c46000 JavaThread "jar transforms Thread 747" [_thread_blocked, id=13412, stack(0x0000000025670000,0x0000000025770000)]
  0x000000002f819000 JavaThread "jar transforms Thread 746" [_thread_blocked, id=1620, stack(0x0000000025570000,0x0000000025670000)]
  0x000000002f818800 JavaThread "jar transforms Thread 745" [_thread_blocked, id=13716, stack(0x0000000025470000,0x0000000025570000)]
  0x000000002f817800 JavaThread "jar transforms Thread 744" [_thread_blocked, id=8732, stack(0x0000000025370000,0x0000000025470000)]
  0x000000002f814800 JavaThread "jar transforms Thread 743" [_thread_blocked, id=12708, stack(0x0000000025270000,0x0000000025370000)]
  0x000000002f814000 JavaThread "jar transforms Thread 742" [_thread_blocked, id=8892, stack(0x0000000024d70000,0x0000000024e70000)]
  0x000000002f80c800 JavaThread "jar transforms Thread 741" [_thread_blocked, id=1200, stack(0x0000000024c70000,0x0000000024d70000)]
  0x000000002f813000 JavaThread "jar transforms Thread 740" [_thread_blocked, id=16332, stack(0x0000000024b70000,0x0000000024c70000)]
  0x000000002f811000 JavaThread "jar transforms Thread 739" [_thread_blocked, id=2544, stack(0x0000000024a70000,0x0000000024b70000)]
  0x000000002f80f800 JavaThread "jar transforms Thread 738" [_thread_blocked, id=3988, stack(0x0000000024970000,0x0000000024a70000)]
  0x000000002f80e800 JavaThread "jar transforms Thread 737" [_thread_blocked, id=12456, stack(0x0000000024870000,0x0000000024970000)]
  0x000000002f812800 JavaThread "Build operations Thread 8" [_thread_blocked, id=15288, stack(0x0000000024770000,0x0000000024870000)]
  0x000000002f80b000 JavaThread "Build operations Thread 7" [_thread_blocked, id=6356, stack(0x0000000024670000,0x0000000024770000)]
  0x000000002f811800 JavaThread "Build operations Thread 6" [_thread_blocked, id=10836, stack(0x0000000024570000,0x0000000024670000)]
  0x000000002f80a000 JavaThread "Build operations Thread 5" [_thread_blocked, id=9100, stack(0x0000000024470000,0x0000000024570000)]
  0x000000002f810000 JavaThread "Build operations Thread 4" [_thread_blocked, id=6248, stack(0x0000000024370000,0x0000000024470000)]
  0x000000002f802800 JavaThread "Build operations Thread 3" [_thread_blocked, id=6676, stack(0x0000000024270000,0x0000000024370000)]
  0x000000002f808000 JavaThread "Build operations Thread 2" [_thread_blocked, id=15232, stack(0x0000000022aa0000,0x0000000022ba0000)]
  0x000000002f807000 JavaThread "Build operations" [_thread_blocked, id=15772, stack(0x00000000222a0000,0x00000000223a0000)]
  0x000000002f809800 JavaThread "Cache worker for cache directory md-rule (C:\Users\Admin\.gradle\caches\6.5\md-rule)" [_thread_blocked, id=14700, stack(0x0000000020f50000,0x0000000021050000)]
  0x000000002f805800 JavaThread "Cache worker for cache directory md-supplier (C:\Users\Admin\.gradle\caches\6.5\md-supplier)" [_thread_blocked, id=15988, stack(0x0000000020c50000,0x0000000020d50000)]
  0x000000002f808800 JavaThread "Cache worker for checksums cache (D:\Lorenzo\LoRenZo\LoRenZo\.gradle\checksums)" [_thread_blocked, id=8848, stack(0x000000001fb50000,0x000000001fc50000)]
  0x000000002f805000 JavaThread "Cache worker for file hash cache (D:\Lorenzo\LoRenZo\LoRenZo\.gradle\6.5\fileHashes)" [_thread_blocked, id=1516, stack(0x000000001e380000,0x000000001e480000)]
  0x000000002f7fd800 JavaThread "Thread-1276" [_thread_blocked, id=8804, stack(0x000000001e080000,0x000000001e180000)]
  0x000000002f804000 JavaThread "Stdin handler" [_thread_blocked, id=14952, stack(0x000000001de80000,0x000000001df80000)]
  0x000000002f803800 JavaThread "Asynchronous log dispatcher for DefaultDaemonConnection: socket connection from /127.0.0.1:63297 to /127.0.0.1:64125" [_thread_blocked, id=15700, stack(0x000000001db80000,0x000000001dc80000)]
  0x000000002f7fc800 JavaThread "Daemon worker Thread 9" [_thread_blocked, id=7268, stack(0x000000001da80000,0x000000001db80000)]
  0x000000002f7fb000 JavaThread "Cancel handler" [_thread_blocked, id=7896, stack(0x0000000000d60000,0x0000000000e60000)]
  0x000000002f7fc000 JavaThread "Handler for socket connection from /127.0.0.1:63297 to /127.0.0.1:64125" [_thread_in_native, id=808, stack(0x0000000000c60000,0x0000000000d60000)]
  0x000000002f7fa800 JavaThread "Daemon Thread 9" [_thread_blocked, id=14556, stack(0x0000000000b60000,0x0000000000c60000)]
  0x0000000020a98000 JavaThread "Cache worker for Java compile cache (C:\Users\Admin\.gradle\caches\6.5\javaCompile)" [_thread_blocked, id=5564, stack(0x000000002cd40000,0x000000002ce40000)]
  0x0000000020a90000 JavaThread "Memory manager" [_thread_blocked, id=1412, stack(0x000000002ae70000,0x000000002af70000)]
  0x000000001c2ae800 JavaThread "Cache worker for file content cache (C:\Users\Admin\.gradle\caches\6.5\fileContent)" [_thread_blocked, id=8692, stack(0x0000000022ba0000,0x0000000022ca0000)]
  0x000000001c2b4000 JavaThread "Cache worker for execution history cache (C:\Users\Admin\.gradle\caches\6.5\executionHistory)" [_thread_blocked, id=1688, stack(0x00000000223a0000,0x00000000224a0000)]
  0x000000001c2b1000 JavaThread "Cache worker for file hash cache (C:\Users\Admin\.gradle\caches\6.5\fileHashes)" [_thread_blocked, id=14448, stack(0x000000001e880000,0x000000001e980000)]
  0x000000001c2b0000 JavaThread "File lock request listener" [_thread_in_native, id=1704, stack(0x000000001e780000,0x000000001e880000)]
  0x000000001b204000 JavaThread "Cache worker for journal cache (C:\Users\Admin\.gradle\caches\journal-1)" [_thread_blocked, id=8372, stack(0x000000001e680000,0x000000001e780000)]
  0x000000001c1e0800 JavaThread "Daemon periodic checks" [_thread_blocked, id=6340, stack(0x000000001d980000,0x000000001da80000)]
  0x000000001c168800 JavaThread "Incoming local TCP Connector on port 63297" [_thread_in_native, id=14532, stack(0x000000001d740000,0x000000001d840000)]
  0x000000001a84b800 JavaThread "Daemon health stats" [_thread_blocked, id=9224, stack(0x000000001d100000,0x000000001d200000)]
  0x0000000019936800 JavaThread "Service Thread" daemon [_thread_blocked, id=816, stack(0x000000001a560000,0x000000001a660000)]
  0x00000000198a0800 JavaThread "C1 CompilerThread3" daemon [_thread_blocked, id=3112, stack(0x000000001a460000,0x000000001a560000)]
=>0x0000000019897000 JavaThread "C2 CompilerThread2" daemon [_thread_in_native, id=8760, stack(0x000000001a360000,0x000000001a460000)]
  0x0000000019894000 JavaThread "C2 CompilerThread1" daemon [_thread_in_native, id=12980, stack(0x000000001a260000,0x000000001a360000)]
  0x0000000019891800 JavaThread "C2 CompilerThread0" daemon [_thread_in_native, id=11672, stack(0x000000001a160000,0x000000001a260000)]
  0x000000001988f800 JavaThread "Attach Listener" daemon [_thread_blocked, id=12080, stack(0x000000001a060000,0x000000001a160000)]
  0x000000001988e000 JavaThread "Signal Dispatcher" daemon [_thread_blocked, id=13064, stack(0x0000000019f60000,0x000000001a060000)]
  0x00000000029d8000 JavaThread "Finalizer" daemon [_thread_blocked, id=11992, stack(0x0000000019d60000,0x0000000019e60000)]
  0x0000000019880800 JavaThread "Reference Handler" daemon [_thread_blocked, id=10036, stack(0x0000000019c60000,0x0000000019d60000)]
  0x000000000273e000 JavaThread "main" [_thread_blocked, id=8336, stack(0x00000000027e0000,0x00000000028e0000)]

Other Threads:
  0x0000000017a49000 VMThread [stack: 0x0000000019760000,0x0000000019860000] [id=9480]
  0x0000000019938800 WatcherThread [stack: 0x000000001a660000,0x000000001a760000] [id=3852]

VM state:not at safepoint (normal execution)

VM Mutex/Monitor currently owned by a thread: None

heap address: 0x0000000080000000, size: 2048 MB, Compressed Oops mode: 32-bit
Narrow klass base: 0x0000000000000000, Narrow klass shift: 3
Compressed class space size: 1073741824 Address: 0x0000000100000000

Heap:
 PSYoungGen      total 607744K, used 414526K [0x00000000d5580000, 0x0000000100000000, 0x0000000100000000)
  eden space 516608K, 72% used [0x00000000d5580000,0x00000000ec449188,0x00000000f4e00000)
  from space 91136K, 42% used [0x00000000f4e00000,0x00000000f74066d8,0x00000000fa700000)
  to   space 86528K, 0% used [0x00000000fab80000,0x00000000fab80000,0x0000000100000000)
 ParOldGen       total 206848K, used 132540K [0x0000000080000000, 0x000000008ca00000, 0x00000000d5580000)
  object space 206848K, 64% used [0x0000000080000000,0x000000008816f0d0,0x000000008ca00000)
 Metaspace       used 123254K, capacity 133370K, committed 133656K, reserved 1165312K
  class space    used 15791K, capacity 17734K, committed 17968K, reserved 1048576K

Card table byte_map: [0x0000000011da0000,0x00000000121b0000] byte_map_base: 0x00000000119a0000

Marking Bits: (ParMarkBitMap*) 0x0000000059a8f030
 Begin Bits: [0x0000000012c60000, 0x0000000014c60000)
 End Bits:   [0x0000000014c60000, 0x0000000016c60000)

Polling page: 0x0000000000960000

CodeCache: size=245760Kb used=88073Kb max_used=88085Kb free=157686Kb
 bounds [0x00000000029e0000, 0x0000000008070000, 0x00000000119e0000]
 total_blobs=25459 nmethods=24505 adapters=864
 compilation: enabled

Compilation events (10 events):
Event: 5784.012 Thread 0x00000000198a0800 31545       3       com.android.tools.r8.utils.s0::a (119 bytes)
Event: 5784.013 Thread 0x00000000198a0800 nmethod 31545 0x0000000006b43110 code [0x0000000006b432c0, 0x0000000006b43928]
Event: 5784.016 Thread 0x0000000019891800 nmethod 31542 0x00000000080673d0 code [0x0000000008067580, 0x0000000008068c98]
Event: 5784.016 Thread 0x0000000019891800 31540       4       com.android.tools.r8.naming.u$b::a (88 bytes)
Event: 5784.043 Thread 0x0000000019891800 nmethod 31540 0x0000000008069a10 code [0x0000000008069c60, 0x000000000806af00]
Event: 5784.043 Thread 0x0000000019891800 31541       4       java.lang.String::join (59 bytes)
Event: 5784.069 Thread 0x0000000019891800 nmethod 31541 0x000000000805ead0 code [0x000000000805ec80, 0x000000000805f5a8]
Event: 5784.069 Thread 0x0000000019891800 30848       4       java.util.IdentityHashMap$KeySet::toArray (142 bytes)
Event: 5784.080 Thread 0x0000000019891800 nmethod 30848 0x0000000006b42790 code [0x0000000006b42900, 0x0000000006b42e18]
Event: 5784.080 Thread 0x0000000019891800 31499       4       java.util.stream.SpinedBuffer::clear (91 bytes)

GC Heap History (10 events):
Event: 3983.232 GC heap before
{Heap before GC invocations=28 (full 5):
 PSYoungGen      total 586240K, used 540985K [0x00000000d5580000, 0x00000000fd380000, 0x0000000100000000)
  eden space 524288K, 100% used [0x00000000d5580000,0x00000000f5580000,0x00000000f5580000)
  from space 61952K, 26% used [0x00000000f9700000,0x00000000fa74e6c8,0x00000000fd380000)
  to   space 64512K, 0% used [0x00000000f5580000,0x00000000f5580000,0x00000000f9480000)
 ParOldGen       total 206848K, used 77638K [0x0000000080000000, 0x000000008ca00000, 0x00000000d5580000)
  object space 206848K, 37% used [0x0000000080000000,0x0000000084bd1838,0x000000008ca00000)
 Metaspace       used 121343K, capacity 131196K, committed 131480K, reserved 1163264K
  class space    used 15733K, capacity 17627K, committed 17840K, reserved 1048576K
Event: 3983.263 GC heap after
Heap after GC invocations=28 (full 5):
 PSYoungGen      total 588800K, used 32005K [0x00000000d5580000, 0x00000000fff80000, 0x0000000100000000)
  eden space 524288K, 0% used [0x00000000d5580000,0x00000000d5580000,0x00000000f5580000)
  from space 64512K, 49% used [0x00000000f5580000,0x00000000f74c16a8,0x00000000f9480000)
  to   space 62976K, 0% used [0x00000000fc200000,0x00000000fc200000,0x00000000fff80000)
 ParOldGen       total 206848K, used 77646K [0x0000000080000000, 0x000000008ca00000, 0x00000000d5580000)
  object space 206848K, 37% used [0x0000000080000000,0x0000000084bd3838,0x000000008ca00000)
 Metaspace       used 121343K, capacity 131196K, committed 131480K, reserved 1163264K
  class space    used 15733K, capacity 17627K, committed 17840K, reserved 1048576K
}
Event: 3984.747 GC heap before
{Heap before GC invocations=29 (full 5):
 PSYoungGen      total 588800K, used 556293K [0x00000000d5580000, 0x00000000fff80000, 0x0000000100000000)
  eden space 524288K, 100% used [0x00000000d5580000,0x00000000f5580000,0x00000000f5580000)
  from space 64512K, 49% used [0x00000000f5580000,0x00000000f74c16a8,0x00000000f9480000)
  to   space 62976K, 0% used [0x00000000fc200000,0x00000000fc200000,0x00000000fff80000)
 ParOldGen       total 206848K, used 77646K [0x0000000080000000, 0x000000008ca00000, 0x00000000d5580000)
  object space 206848K, 37% used [0x0000000080000000,0x0000000084bd3838,0x000000008ca00000)
 Metaspace       used 122332K, capacity 132220K, committed 132504K, reserved 1163264K
  class space    used 15754K, capacity 17671K, committed 17840K, reserved 1048576K
Event: 3984.768 GC heap after
Heap after GC invocations=29 (full 5):
 PSYoungGen      total 628224K, used 20376K [0x00000000d5580000, 0x00000000ff980000, 0x0000000100000000)
  eden space 571392K, 0% used [0x00000000d5580000,0x00000000d5580000,0x00000000f8380000)
  from space 56832K, 35% used [0x00000000fc200000,0x00000000fd5e6370,0x00000000ff980000)
  to   space 60416K, 0% used [0x00000000f8380000,0x00000000f8380000,0x00000000fbe80000)
 ParOldGen       total 206848K, used 77654K [0x0000000080000000, 0x000000008ca00000, 0x00000000d5580000)
  object space 206848K, 37% used [0x0000000080000000,0x0000000084bd5838,0x000000008ca00000)
 Metaspace       used 122332K, capacity 132220K, committed 132504K, reserved 1163264K
  class space    used 15754K, capacity 17671K, committed 17840K, reserved 1048576K
}
Event: 3987.707 GC heap before
{Heap before GC invocations=30 (full 5):
 PSYoungGen      total 628224K, used 581861K [0x00000000d5580000, 0x00000000ff980000, 0x0000000100000000)
  eden space 571392K, 98% used [0x00000000d5580000,0x00000000f79d3408,0x00000000f8380000)
  from space 56832K, 35% used [0x00000000fc200000,0x00000000fd5e6370,0x00000000ff980000)
  to   space 60416K, 0% used [0x00000000f8380000,0x00000000f8380000,0x00000000fbe80000)
 ParOldGen       total 206848K, used 77654K [0x0000000080000000, 0x000000008ca00000, 0x00000000d5580000)
  object space 206848K, 37% used [0x0000000080000000,0x0000000084bd5838,0x000000008ca00000)
 Metaspace       used 122786K, capacity 132776K, committed 133016K, reserved 1165312K
  class space    used 15756K, capacity 17673K, committed 17840K, reserved 1048576K
Event: 3987.796 GC heap after
Heap after GC invocations=30 (full 5):
 PSYoungGen      total 631808K, used 60401K [0x00000000d5580000, 0x0000000100000000, 0x0000000100000000)
  eden space 571392K, 0% used [0x00000000d5580000,0x00000000d5580000,0x00000000f8380000)
  from space 60416K, 99% used [0x00000000f8380000,0x00000000fbe7c418,0x00000000fbe80000)
  to   space 67072K, 0% used [0x00000000fbe80000,0x00000000fbe80000,0x0000000100000000)
 ParOldGen       total 206848K, used 129504K [0x0000000080000000, 0x000000008ca00000, 0x00000000d5580000)
  object space 206848K, 62% used [0x0000000080000000,0x0000000087e782e0,0x000000008ca00000)
 Metaspace       used 122786K, capacity 132776K, committed 133016K, reserved 1165312K
  class space    used 15756K, capacity 17673K, committed 17840K, reserved 1048576K
}
Event: 5778.471 GC heap before
{Heap before GC invocations=31 (full 5):
 PSYoungGen      total 631808K, used 631793K [0x00000000d5580000, 0x0000000100000000, 0x0000000100000000)
  eden space 571392K, 100% used [0x00000000d5580000,0x00000000f8380000,0x00000000f8380000)
  from space 60416K, 99% used [0x00000000f8380000,0x00000000fbe7c418,0x00000000fbe80000)
  to   space 67072K, 0% used [0x00000000fbe80000,0x00000000fbe80000,0x0000000100000000)
 ParOldGen       total 206848K, used 129504K [0x0000000080000000, 0x000000008ca00000, 0x00000000d5580000)
  object space 206848K, 62% used [0x0000000080000000,0x0000000087e782e0,0x000000008ca00000)
 Metaspace       used 123160K, capacity 133220K, committed 133656K, reserved 1165312K
  class space    used 15784K, capacity 17723K, committed 17968K, reserved 1048576K
Event: 5778.589 GC heap after
Heap after GC invocations=31 (full 5):
 PSYoungGen      total 583680K, used 53549K [0x00000000d5580000, 0x0000000100000000, 0x0000000100000000)
  eden space 516608K, 0% used [0x00000000d5580000,0x00000000d5580000,0x00000000f4e00000)
  from space 67072K, 79% used [0x00000000fbe80000,0x00000000ff2cb5e0,0x0000000100000000)
  to   space 91136K, 0% used [0x00000000f4e00000,0x00000000f4e00000,0x00000000fa700000)
 ParOldGen       total 206848K, used 132532K [0x0000000080000000, 0x000000008ca00000, 0x00000000d5580000)
  object space 206848K, 64% used [0x0000000080000000,0x000000008816d0d0,0x000000008ca00000)
 Metaspace       used 123160K, capacity 133220K, committed 133656K, reserved 1165312K
  class space    used 15784K, capacity 17723K, committed 17968K, reserved 1048576K
}
Event: 5780.864 GC heap before
{Heap before GC invocations=32 (full 5):
 PSYoungGen      total 583680K, used 570157K [0x00000000d5580000, 0x0000000100000000, 0x0000000100000000)
  eden space 516608K, 100% used [0x00000000d5580000,0x00000000f4e00000,0x00000000f4e00000)
  from space 67072K, 79% used [0x00000000fbe80000,0x00000000ff2cb5e0,0x0000000100000000)
  to   space 91136K, 0% used [0x00000000f4e00000,0x00000000f4e00000,0x00000000fa700000)
 ParOldGen       total 206848K, used 132532K [0x0000000080000000, 0x000000008ca00000, 0x00000000d5580000)
  object space 206848K, 64% used [0x0000000080000000,0x000000008816d0d0,0x000000008ca00000)
 Metaspace       used 123223K, capacity 133360K, committed 133656K, reserved 1165312K
  class space    used 15789K, capacity 17733K, committed 17968K, reserved 1048576K
Event: 5780.938 GC heap after
Heap after GC invocations=32 (full 5):
 PSYoungGen      total 607744K, used 38937K [0x00000000d5580000, 0x0000000100000000, 0x0000000100000000)
  eden space 516608K, 0% used [0x00000000d5580000,0x00000000d5580000,0x00000000f4e00000)
  from space 91136K, 42% used [0x00000000f4e00000,0x00000000f74066d8,0x00000000fa700000)
  to   space 86528K, 0% used [0x00000000fab80000,0x00000000fab80000,0x0000000100000000)
 ParOldGen       total 206848K, used 132540K [0x0000000080000000, 0x000000008ca00000, 0x00000000d5580000)
  object space 206848K, 64% used [0x0000000080000000,0x000000008816f0d0,0x000000008ca00000)
 Metaspace       used 123223K, capacity 133360K, committed 133656K, reserved 1165312K
  class space    used 15789K, capacity 17733K, committed 17968K, reserved 1048576K
}

Deoptimization events (10 events):
Event: 5779.542 Thread 0x000000002f80b000 Uncommon trap: reason=unstable_if action=reinterpret pc=0x0000000007de54a4 method=com.android.tools.r8.ir.regalloc.a.a(Lcom/android/tools/r8/ir/regalloc/a$a;Z)Lcom/android/tools/r8/ir/regalloc/a$a; @ 2672
Event: 5779.975 Thread 0x000000002f810000 Uncommon trap: reason=class_check action=maybe_recompile pc=0x0000000007efb6ac method=com.android.tools.r8.s.b.q.g()V @ 13
Event: 5780.119 Thread 0x000000002f810000 Uncommon trap: reason=class_check action=maybe_recompile pc=0x0000000007efb6ac method=com.android.tools.r8.s.b.q.g()V @ 13
Event: 5780.139 Thread 0x000000002f810000 Uncommon trap: reason=class_check action=maybe_recompile pc=0x0000000007efb6ac method=com.android.tools.r8.s.b.q.g()V @ 13
Event: 5780.177 Thread 0x000000002f810000 Uncommon trap: reason=unstable_if action=reinterpret pc=0x0000000007f5e814 method=com.android.tools.r8.ir.optimize.l.b(Lcom/android/tools/r8/s/b/k0;)Z @ 4
Event: 5780.199 Thread 0x000000002f810000 Uncommon trap: reason=bimorphic action=maybe_recompile pc=0x0000000007f47ce0 method=com.android.tools.r8.s.a.p.u.G()Z @ 15
Event: 5780.847 Thread 0x000000001ee3f000 Uncommon trap: reason=unstable_if action=reinterpret pc=0x00000000040c1fc0 method=org.gradle.internal.snapshot.impl.AbstractScalarValueSnapshot.snapshot(Ljava/lang/Object;Lorg/gradle/internal/snapshot/ValueSnapshotter;)Lorg/gradle/internal/snapshot/ValueS
Event: 5781.016 Thread 0x000000001ee3f000 Uncommon trap: reason=null_check action=make_not_entrant pc=0x0000000004905e8c method=org.gradle.internal.instantiation.generator.AbstractClassGenerator.isPropertyType(Ljava/lang/Class;)Z @ 3
Event: 5782.887 Thread 0x000000001ee48800 Uncommon trap: reason=class_check action=maybe_recompile pc=0x0000000003e0f548 method=java.util.TimSort.mergeLo(IIII)V @ 189
Event: 5783.791 Thread 0x0000000020a90800 Uncommon trap: reason=unstable_if action=reinterpret pc=0x0000000006b452e8 method=com.android.tools.r8.graph.W.E()Z @ 11

Classes redefined (0 events):
No events

Internal exceptions (10 events):
Event: 5778.143 Thread 0x000000002f80a000 Exception <a 'sun/nio/fs/WindowsException'> (0x00000000eae34068) thrown at [C:\src\AOSP-openjdk-git\hotspot\src\share\vm\prims\jni.cpp, line 710]
Event: 5778.167 Thread 0x000000002f802800 Exception <a 'sun/nio/fs/WindowsException'> (0x00000000eb90f758) thrown at [C:\src\AOSP-openjdk-git\hotspot\src\share\vm\prims\jni.cpp, line 710]
Event: 5778.173 Thread 0x000000002f810000 Exception <a 'sun/nio/fs/WindowsException'> (0x00000000eb851560) thrown at [C:\src\AOSP-openjdk-git\hotspot\src\share\vm\prims\jni.cpp, line 710]
Event: 5778.181 Thread 0x000000002f80b000 Exception <a 'sun/nio/fs/WindowsException'> (0x00000000ebe8d318) thrown at [C:\src\AOSP-openjdk-git\hotspot\src\share\vm\prims\jni.cpp, line 710]
Event: 5778.286 Thread 0x000000002f812800 Exception <a 'sun/nio/fs/WindowsException'> (0x00000000f023d0e8) thrown at [C:\src\AOSP-openjdk-git\hotspot\src\share\vm\prims\jni.cpp, line 710]
Event: 5778.308 Thread 0x000000002f808000 Exception <a 'sun/nio/fs/WindowsException'> (0x00000000f0ccefd0) thrown at [C:\src\AOSP-openjdk-git\hotspot\src\share\vm\prims\jni.cpp, line 710]
Event: 5778.823 Thread 0x000000002f802800 Exception <a 'sun/nio/fs/WindowsException'> (0x00000000da97b5d8) thrown at [C:\src\AOSP-openjdk-git\hotspot\src\share\vm\prims\jni.cpp, line 710]
Event: 5779.622 Thread 0x000000002f80b000 Exception <a 'sun/nio/fs/WindowsException'> (0x00000000e7e0aeb8) thrown at [C:\src\AOSP-openjdk-git\hotspot\src\share\vm\prims\jni.cpp, line 710]
Event: 5780.659 Thread 0x000000002f810000 Exception <a 'sun/nio/fs/WindowsException'> (0x00000000f3b7a4d0) thrown at [C:\src\AOSP-openjdk-git\hotspot\src\share\vm\prims\jni.cpp, line 710]
Event: 5781.801 Thread 0x000000001ee48800 Exception <a 'sun/nio/fs/WindowsException'> (0x00000000d7021d20) thrown at [C:\src\AOSP-openjdk-git\hotspot\src\share\vm\prims\jni.cpp, line 710]

Events (10 events):
Event: 5783.380 Thread 0x0000000020a90800 DEOPT UNPACKING pc=0x0000000002a275d0 sp=0x0000000034d1e8b0 mode 0
Event: 5783.382 Thread 0x0000000020a90800 DEOPT PACKING pc=0x00000000072cf57e sp=0x0000000034d1eb40
Event: 5783.382 Thread 0x0000000020a90800 DEOPT UNPACKING pc=0x0000000002a275d0 sp=0x0000000034d1e8b0 mode 0
Event: 5783.791 Thread 0x0000000020a90800 Uncommon trap: trap_request=0xffffff65 fr.pc=0x0000000006b452e8
Event: 5783.791 Thread 0x0000000020a90800 DEOPT PACKING pc=0x0000000006b452e8 sp=0x0000000034d1eaa0
Event: 5783.791 Thread 0x0000000020a90800 DEOPT UNPACKING pc=0x0000000002a2557b sp=0x0000000034d1e938 mode 2
Event: 5783.961 Thread 0x0000000020a90800 DEOPT PACKING pc=0x0000000006f11206 sp=0x0000000034d1e6d0
Event: 5783.961 Thread 0x0000000020a90800 DEOPT UNPACKING pc=0x0000000002a275d0 sp=0x0000000034d1e448 mode 0
Event: 5784.009 Thread 0x0000000020a90800 DEOPT PACKING pc=0x0000000007e0f432 sp=0x0000000034d1e9b0
Event: 5784.009 Thread 0x0000000020a90800 DEOPT UNPACKING pc=0x0000000002a275d0 sp=0x0000000034d1ec88 mode 0


Dynamic libraries:
0x00007ff697710000 - 0x00007ff697741000 	C:\android\jre\bin\java.exe
0x00007ffd47480000 - 0x00007ffd47670000 	C:\WINDOWS\SYSTEM32\ntdll.dll
0x00007ffd46a50000 - 0x00007ffd46b02000 	C:\WINDOWS\System32\KERNEL32.DLL
0x00007ffd44950000 - 0x00007ffd44bf5000 	C:\WINDOWS\System32\KERNELBASE.dll
0x00007ffd46ca0000 - 0x00007ffd46d43000 	C:\WINDOWS\System32\ADVAPI32.dll
0x00007ffd472c0000 - 0x00007ffd4735e000 	C:\WINDOWS\System32\msvcrt.dll
0x00007ffd45600000 - 0x00007ffd45697000 	C:\WINDOWS\System32\sechost.dll
0x00007ffd45700000 - 0x00007ffd45820000 	C:\WINDOWS\System32\RPCRT4.dll
0x00007ffd46620000 - 0x00007ffd467b4000 	C:\WINDOWS\System32\USER32.dll
0x00007ffd44870000 - 0x00007ffd44891000 	C:\WINDOWS\System32\win32u.dll
0x00007ffd467e0000 - 0x00007ffd46806000 	C:\WINDOWS\System32\GDI32.dll
0x00007ffd44c00000 - 0x00007ffd44d96000 	C:\WINDOWS\System32\gdi32full.dll
0x00007ffd444e0000 - 0x00007ffd4457e000 	C:\WINDOWS\System32\msvcp_win.dll
0x00007ffd44770000 - 0x00007ffd4486a000 	C:\WINDOWS\System32\ucrtbase.dll
0x00007ffd212e0000 - 0x00007ffd21564000 	C:\WINDOWS\WinSxS\amd64_microsoft.windows.common-controls_6595b64144ccf1df_6.0.18362.1256_none_9e7e379be45e40e2\COMCTL32.dll
0x00007ffd46f00000 - 0x00007ffd47236000 	C:\WINDOWS\System32\combase.dll
0x00007ffd44450000 - 0x00007ffd444d1000 	C:\WINDOWS\System32\bcryptPrimitives.dll
0x00007ffd46bc0000 - 0x00007ffd46bee000 	C:\WINDOWS\System32\IMM32.DLL
0x00000000591e0000 - 0x00000000592b2000 	C:\android\jre\jre\bin\msvcr100.dll
0x00000000592c0000 - 0x0000000059b0b000 	C:\android\jre\jre\bin\server\jvm.dll
0x00007ffd46440000 - 0x00007ffd46448000 	C:\WINDOWS\System32\PSAPI.DLL
0x00007ffd41060000 - 0x00007ffd41069000 	C:\WINDOWS\SYSTEM32\WSOCK32.dll
0x00007ffd3dca0000 - 0x00007ffd3dcc4000 	C:\WINDOWS\SYSTEM32\WINMM.dll
0x00007ffd46d50000 - 0x00007ffd46dbf000 	C:\WINDOWS\System32\WS2_32.dll
0x00007ffd3f690000 - 0x00007ffd3f69a000 	C:\WINDOWS\SYSTEM32\VERSION.dll
0x00007ffd3dc70000 - 0x00007ffd3dc9d000 	C:\WINDOWS\SYSTEM32\WINMMBASE.dll
0x00007ffd44700000 - 0x00007ffd4474a000 	C:\WINDOWS\System32\cfgmgr32.dll
0x00007ffd40800000 - 0x00007ffd4080f000 	C:\android\jre\jre\bin\verify.dll
0x00007ffd3fb70000 - 0x00007ffd3fb99000 	C:\android\jre\jre\bin\java.dll
0x00007ffd3fab0000 - 0x00007ffd3fac6000 	C:\android\jre\jre\bin\zip.dll
0x00007ffd458e0000 - 0x00007ffd45fc7000 	C:\WINDOWS\System32\SHELL32.dll
0x00007ffd46b10000 - 0x00007ffd46bb9000 	C:\WINDOWS\System32\shcore.dll
0x00007ffd44da0000 - 0x00007ffd45521000 	C:\WINDOWS\System32\windows.storage.dll
0x00007ffd443a0000 - 0x00007ffd443c3000 	C:\WINDOWS\System32\profapi.dll
0x00007ffd44350000 - 0x00007ffd4439a000 	C:\WINDOWS\System32\powrprof.dll
0x00007ffd44320000 - 0x00007ffd44330000 	C:\WINDOWS\System32\UMPDC.dll
0x00007ffd456a0000 - 0x00007ffd456f2000 	C:\WINDOWS\System32\shlwapi.dll
0x00007ffd44330000 - 0x00007ffd44341000 	C:\WINDOWS\System32\kernel.appcore.dll
0x00007ffd44750000 - 0x00007ffd44767000 	C:\WINDOWS\System32\cryptsp.dll
0x00007ffd3e990000 - 0x00007ffd3e9aa000 	C:\android\jre\jre\bin\net.dll
0x00007ffd43b70000 - 0x00007ffd43bd7000 	C:\WINDOWS\system32\mswsock.dll
0x00007ffd3e970000 - 0x00007ffd3e983000 	C:\android\jre\jre\bin\nio.dll
0x00007ffd3e6b0000 - 0x00007ffd3e6d7000 	C:\Users\Admin\.gradle\native\f6784746aeab05261644944871eae4fe03e0ef1612fff0a4a95f87b438bc6780\windows-amd64\native-platform.dll
0x00007ffd407f0000 - 0x00007ffd407fd000 	C:\android\jre\jre\bin\management.dll
0x00007ffd43680000 - 0x00007ffd436b3000 	C:\WINDOWS\system32\rsaenh.dll
0x00007ffd44580000 - 0x00007ffd445a6000 	C:\WINDOWS\System32\bcrypt.dll
0x00007ffd44200000 - 0x00007ffd44225000 	C:\WINDOWS\SYSTEM32\USERENV.dll
0x00007ffd43d40000 - 0x00007ffd43d4c000 	C:\WINDOWS\SYSTEM32\CRYPTBASE.dll
0x00007ffd43880000 - 0x00007ffd438ba000 	C:\WINDOWS\SYSTEM32\IPHLPAPI.DLL
0x00007ffd47360000 - 0x00007ffd47368000 	C:\WINDOWS\System32\NSI.dll
0x00007ffd3af30000 - 0x00007ffd3af46000 	C:\WINDOWS\SYSTEM32\dhcpcsvc6.DLL
0x00007ffd3b7d0000 - 0x00007ffd3b7ec000 	C:\WINDOWS\SYSTEM32\dhcpcsvc.DLL
0x00007ffd438c0000 - 0x00007ffd4398b000 	C:\WINDOWS\SYSTEM32\DNSAPI.dll
0x00007ffd3bc70000 - 0x00007ffd3bc7b000 	C:\WINDOWS\SYSTEM32\WINNSI.DLL
0x00007ffd1b240000 - 0x00007ffd1b264000 	C:\android\jre\jre\bin\sunec.dll
0x00007ffd347b0000 - 0x00007ffd347ba000 	C:\Windows\System32\rasadhlp.dll
0x00007ffd3abd0000 - 0x00007ffd3ac47000 	C:\WINDOWS\System32\fwpuclnt.dll
0x00007ffd3e850000 - 0x00007ffd3e85b000 	C:\android\jre\jre\bin\sunmscapi.dll
0x00007ffd445b0000 - 0x00007ffd446f9000 	C:\WINDOWS\System32\CRYPT32.dll
0x00007ffd443d0000 - 0x00007ffd443e2000 	C:\WINDOWS\System32\MSASN1.dll
0x00007ffd43360000 - 0x00007ffd43391000 	C:\WINDOWS\SYSTEM32\ntmarta.dll

VM Arguments:
jvm_args: -Xmx2048m -Dfile.encoding=UTF-8 -Duser.country=US -Duser.language=en -Duser.variant 
java_command: org.gradle.launcher.daemon.bootstrap.GradleDaemon 6.5
java_class_path (initial): C:\Users\Admin\.gradle\wrapper\dists\gradle-6.5-all\2oz4ud9k3tuxjg84bbf55q0tn\gradle-6.5\lib\gradle-launcher-6.5.jar
Launcher Type: SUN_STANDARD

Environment Variables:
PATH=C:\Program Files\Microsoft MPI\Bin\;C:\Program Files (x86)\Common Files\Oracle\Java\javapath;C:\Program Files (x86)\Common Files\Intel\Shared Libraries\redist\intel64\compiler;C:\Windows\system32;C:\Windows;C:\Windows\System32\Wbem;C:\Windows\System32\WindowsPowerShell\v1.0\;C:\Windows\System32\OpenSSH\;C:\Users\Admin\.dnx\bin;C:\Program Files\Microsoft DNX\Dnvm\;C:\Program Files\NVIDIA Corporation\NVIDIA NvDLISR;C:\Program Files (x86)\NVIDIA Corporation\PhysX\Common;C:\WINDOWS\system32;C:\WINDOWS;C:\WINDOWS\System32\Wbem;C:\WINDOWS\System32\WindowsPowerShell\v1.0\;C:\WINDOWS\System32\OpenSSH\;C:\Program Files\dotnet\;C:\Program Files\Microsoft\Web Platform Installer\;C:\Program Files (x86)\Microsoft SQL Server\140\Tools\Binn\;C:\Program Files\Microsoft SQL Server\140\Tools\Binn\;C:\Program Files (x86)\Microsoft SQL Server\140\DTS\Binn\;C:\Program Files\Microsoft SQL Server\140\DTS\Binn\;C:\Program Files\Microsoft SQL Server\Client SDK\ODBC\170\Tools\Binn\;C:\Program Files (x86)\Microsoft SQL Server\100\Tools\Binn\;C:\Program Files\Microsoft SQL Server\100\Tools\Binn\;C:\Program Files\Microsoft SQL Server\100\DTS\Binn\;C:\Program Files (x86)\Microsoft SQL Server\100\Tools\Binn\VSShell\Common7\IDE\;C:\Program Files (x86)\Microsoft SQL Server\100\DTS\Binn\;C:\Program Files (x86)\Microsoft SQL Server\150\Tools\Binn\;C:\Program Files\Microsoft SQL Server\150\Tools\Binn\;C:\Program Files\Microsoft SQL Server\150\DTS\Binn\;C:\Program Files (x86)\Microsoft SQL Server\150\DTS\Binn\;C:\Users\Admin\AppData\Local\Programs\Python\Python38\Scripts\;C:\Users\Admin\AppData\Local\Programs\Python\Python38\;C:\Users\Admin\AppData\Local\Microsoft\WindowsApps;C:\Users\Admin\AppData\Local\Programs\Microsoft VS Code\bin;C:\Program Files\Azure Data Studio\bin;C:\Program Files\Azure Data Studio\bin;C:\Program Files\JetBrains\PyCharm Community Edition 2020.3\bin;
USERNAME=Admin
OS=Windows_NT
PROCESSOR_IDENTIFIER=Intel64 Family 6 Model 158 Stepping 10, GenuineIntel



---------------  S Y S T E M  ---------------

OS: Windows 10.0 , 64 bit Build 18362 (10.0.18362.1110)

CPU:total 8 (initial active 8) (4 cores per cpu, 2 threads per core) family 6 model 158 stepping 10, cmov, cx8, fxsr, mmx, sse, sse2, sse3, ssse3, sse4.1, sse4.2, popcnt, avx, avx2, aes, clmul, erms, 3dnowpref, lzcnt, ht, tsc, tscinvbit, bmi1, bmi2, adx

Memory: 4k page, physical 8265876k(480860k free), swap 12361876k(5648k free)

vm_info: OpenJDK 64-Bit Server VM (25.242-b01) for windows-amd64 JRE (1.8.0_242-release-1644-b01), built by "builder" with MS VC++ 10.0 (VS2010)

time: Sat Jan 02 21:11:48 2021
timezone: SE Asia Standard Time
elapsed time: 5784 seconds (0d 1h 36m 24s)

